IQ-TREE version 3.0.1 for Linux x86 64-bit built May  5 2025
Developed by Bui Quang Minh, Thomas Wong, Nhan Ly-Trong, Huaiyan Ren
Contributed by Lam-Tung Nguyen, Dominik Schrempf, Chris Bielow,
Olga Chernomor, Michael Woodhams, Diep Thi Hoang, Heiko Schmidt

Host:    mic-r750 (AVX512, FMA3, 1007 GB RAM)
Command: /mnt/hd1/home/sishuo/bin/iqtree3_intel -redo -s ../../../../combined.phy haha -T 8 -m LG+G -te iqtree.treefile -blfix -blmin 1e-10
Seed:    729948 (Using SPRNG - Scalable Parallel Random Number Generator)
Time:    Tue Dec 23 16:55:36 2025
Kernel:  AVX+FMA - 8 threads (128 CPU cores detected)

Reading alignment file ../../../../combined.phy ... Phylip format detected
Alignment most likely contains protein sequences
Constructing alignment: done in 0.000109995 secs
Alignment has 30 sequences with 100 columns, 90 distinct patterns
59 parsimony-informative, 15 singleton sites, 26 constant sites
     Gap/Ambiguity  Composition  p-value
Analyzing sequences: done in 7.67596e-06 secs
   1  t3     0.00%    passed     99.98%
   2  t24    0.00%    passed     98.60%
   3  t22    0.00%    passed     99.90%
   4  t1     0.00%    passed     99.99%
   5  t7     0.00%    passed     99.99%
   6  t17    0.00%    passed     99.99%
   7  t18    0.00%    passed     99.97%
   8  t21    0.00%    passed     99.88%
   9  t19    0.00%    passed     91.41%
  10  t16    0.00%    passed     98.57%
  11  t15    0.00%    passed     99.53%
  12  t5     0.00%    passed     99.97%
  13  t8     0.00%    passed    100.00%
  14  t23    0.00%    passed     99.99%
  15  t14    0.00%    passed     99.99%
  16  t9     0.00%    passed     99.90%
  17  t27    0.00%    passed    100.00%
  18  t29    0.00%    passed     97.76%
  19  t20    0.00%    passed     99.99%
  20  t10    0.00%    passed     99.83%
  21  t28    0.00%    passed     99.87%
  22  t30    0.00%    passed     98.97%
  23  t12    0.00%    passed     99.99%
  24  t13    0.00%    passed    100.00%
  25  t6     0.00%    passed     99.73%
  26  t25    0.00%    passed     99.93%
  27  t11    0.00%    passed     99.72%
  28  t2     0.00%    passed     99.98%
  29  t4     0.00%    passed     98.26%
  30  t26    0.00%    passed    100.00%
****  TOTAL    0.00%  0 sequences failed composition chi2 test (p-value<5%; df=18)
NOTE: t7 is identical to t1 but kept for subsequent analysis
Checking for duplicate sequences: done in 5.06509e-05 secs
Identifying sites to remove: done in 6.47139e-05 secs
NOTE: 1 identical sequences (see below) will be ignored for subsequent analysis
NOTE: t17 (identical to t1) is ignored but added at the end
Alignment was printed to ../../../../combined.phy.uniqueseq.phy

For your convenience alignment with unique sequences printed to ../../../../combined.phy.uniqueseq.phy
NOTE: State(s) W not present in alignment and thus removed from Markov process to prevent numerical problems
NOTE: 1 states (see above) are not present and thus removed from Markov process to prevent numerical problems
Reading input tree file iqtree.treefile ...

NOTE: 2 MB RAM (0 GB) is required!
WARNING: Number of threads seems too high for short alignments. Use -T AUTO to determine best number of threads.
Estimate model parameters (epsilon = 0.010)
1. Initial log-likelihood: -1667.867
2. Current log-likelihood: -1667.846
Optimal log-likelihood: -1667.846
Gamma shape alpha: 1.042
Parameters optimization took 2 rounds (0.010 sec)
Wrote distance file to... 
BEST SCORE FOUND : -1667.846
Total tree length: 3.094

Total number of iterations: 0
CPU time used for tree search: 0.000 sec (0h:0m:0s)
Wall-clock time used for tree search: 0.000 sec (0h:0m:0s)
Total CPU time used: 0.135 sec (0h:0m:0s)
Total wall-clock time used: 0.018 sec (0h:0m:0s)

Analysis results written to: 
  IQ-TREE report:                ../../../../combined.phy.iqtree
  Maximum-likelihood tree:       ../../../../combined.phy.treefile
  Screen log file:               ../../../../combined.phy.log

Date and Time: Tue Dec 23 16:55:36 2025
