IQ-TREE version 3.0.1 for Linux x86 64-bit built May  5 2025
Developed by Bui Quang Minh, Thomas Wong, Nhan Ly-Trong, Huaiyan Ren
Contributed by Lam-Tung Nguyen, Dominik Schrempf, Chris Bielow,
Olga Chernomor, Michael Woodhams, Diep Thi Hoang, Heiko Schmidt

Host:    mic-r750 (AVX512, FMA3, 1007 GB RAM)
Command: /mnt/hd1/home/sishuo/bin/iqtree3_intel -redo -s bs_inBV_bestfit/split/0/combined.phy -pre bs_inBV_bestfit/split/0/iqtree/iqtree -nt 10 -quiet -m LG+POISSON+G+FMIX{C10pi1:1.000000:0.000100,C10pi2:1.000000:0.143700,C10pi3:1.000000:0.113000,C10pi4:1.000000:0.072500,C10pi5:1.000000:0.185200,C10pi6:1.000000:0.174100,C10pi7:1.000000:0.051200,C10pi8:1.000000:0.060100,C10pi9:1.000000:0.099000,C10pi10:1.000000:0.101000}+G4{0.976500} -te ref.tre -mwopt -b 5
Seed:    945242 (Using SPRNG - Scalable Parallel Random Number Generator)
Time:    Fri Mar  6 12:21:25 2026
Kernel:  AVX+FMA - 10 threads (128 CPU cores detected)

Reading alignment file bs_inBV_bestfit/split/0/combined.phy ... Phylip format detected
Alignment most likely contains protein sequences
Constructing alignment: done in 7.62716e-05 secs
Alignment has 30 sequences with 100 columns, 90 distinct patterns
59 parsimony-informative, 15 singleton sites, 26 constant sites
     Gap/Ambiguity  Composition  p-value
Analyzing sequences: done in 4.9863e-06 secs
   1  t3     0.00%    passed     99.98%
   2  t24    0.00%    passed     98.60%
   3  t22    0.00%    passed     99.90%
   4  t1     0.00%    passed     99.99%
   5  t7     0.00%    passed     99.99%
   6  t17    0.00%    passed     99.99%
   7  t18    0.00%    passed     99.97%
   8  t21    0.00%    passed     99.88%
   9  t19    0.00%    passed     91.41%
  10  t16    0.00%    passed     98.57%
  11  t15    0.00%    passed     99.53%
  12  t5     0.00%    passed     99.97%
  13  t8     0.00%    passed    100.00%
  14  t23    0.00%    passed     99.99%
  15  t14    0.00%    passed     99.99%
  16  t9     0.00%    passed     99.90%
  17  t27    0.00%    passed    100.00%
  18  t29    0.00%    passed     97.76%
  19  t20    0.00%    passed     99.99%
  20  t10    0.00%    passed     99.83%
  21  t28    0.00%    passed     99.87%
  22  t30    0.00%    passed     98.97%
  23  t12    0.00%    passed     99.99%
  24  t13    0.00%    passed    100.00%
  25  t6     0.00%    passed     99.73%
  26  t25    0.00%    passed     99.93%
  27  t11    0.00%    passed     99.72%
  28  t2     0.00%    passed     99.98%
  29  t4     0.00%    passed     98.26%
  30  t26    0.00%    passed    100.00%
****  TOTAL    0.00%  0 sequences failed composition chi2 test (p-value<5%; df=18)

===> START BOOTSTRAP REPLICATE NUMBER 1

Creating bootstrap alignment (seed: 945242)...
NOTE: State(s) W not present in alignment and thus removed from Markov process to prevent numerical problems
NOTE: 1 states (see above) are not present and thus removed from Markov process to prevent numerical problems
Reading input tree file ref.tre ...
WARNING: 10 threads for alignment length 53 will slow down analysis
WARNING: Your input class weight 0.0001 is very small and may cause numerical issues

NOTE: 14 MB RAM (0 GB) is required!
WARNING: Number of threads seems too high for short alignments. Use -T AUTO to determine best number of threads.
Estimate model parameters (epsilon = 0.010)
1. Initial log-likelihood: -1635.488
2. Current log-likelihood: -1598.355
3. Current log-likelihood: -1598.176
4. Current log-likelihood: -1598.159
Optimal log-likelihood: -1598.157
Mixture weights: 0.038 0.211 0.037 0.045 0.256 0.128 0.129 0.039 0.092 0.024
Gamma shape alpha: 1.610
Parameters optimization took 4 rounds (0.245 sec)
Wrote distance file to... 
BEST SCORE FOUND : -1598.157
Total tree length: 3.328

Total number of iterations: 0
CPU time used for tree search: 0.000 sec (0h:0m:0s)
Wall-clock time used for tree search: 0.000 sec (0h:0m:0s)
Total CPU time used: 1.514 sec (0h:0m:1s)
Total wall-clock time used: 0.252 sec (0h:0m:0s)

===> START BOOTSTRAP REPLICATE NUMBER 2

Creating bootstrap alignment (seed: 945243)...
NOTE: State(s) W not present in alignment and thus removed from Markov process to prevent numerical problems
NOTE: 1 states (see above) are not present and thus removed from Markov process to prevent numerical problems
Reading input tree file ref.tre ...
WARNING: 10 threads for alignment length 62 will slow down analysis
WARNING: Your input class weight 0.0001 is very small and may cause numerical issues

NOTE: 15 MB RAM (0 GB) is required!
WARNING: Number of threads seems too high for short alignments. Use -T AUTO to determine best number of threads.
Estimate model parameters (epsilon = 0.010)
1. Initial log-likelihood: -1820.159
2. Current log-likelihood: -1782.354
3. Current log-likelihood: -1781.819
Optimal log-likelihood: -1781.810
Mixture weights: 0.000 0.170 0.091 0.028 0.201 0.313 0.019 0.059 0.047 0.071
Gamma shape alpha: 1.086
Parameters optimization took 3 rounds (0.187 sec)
WARNING: The mixture model might be overfitting because some mixture weights are estimated close to zero
Wrote distance file to... 
BEST SCORE FOUND : -1781.810
Total tree length: 4.253

Total number of iterations: 0
CPU time used for tree search: 0.000 sec (0h:0m:0s)
Wall-clock time used for tree search: 0.000 sec (0h:0m:0s)
Total CPU time used: 2.885 sec (0h:0m:2s)
Total wall-clock time used: 0.448 sec (0h:0m:0s)

===> START BOOTSTRAP REPLICATE NUMBER 3

Creating bootstrap alignment (seed: 945244)...
NOTE: State(s) W not present in alignment and thus removed from Markov process to prevent numerical problems
NOTE: 1 states (see above) are not present and thus removed from Markov process to prevent numerical problems
Reading input tree file ref.tre ...
WARNING: 10 threads for alignment length 56 will slow down analysis
WARNING: Your input class weight 0.0001 is very small and may cause numerical issues

NOTE: 14 MB RAM (0 GB) is required!
WARNING: Number of threads seems too high for short alignments. Use -T AUTO to determine best number of threads.
Estimate model parameters (epsilon = 0.010)
1. Initial log-likelihood: -1689.078
2. Current log-likelihood: -1654.566
3. Current log-likelihood: -1653.766
Optimal log-likelihood: -1653.760
Mixture weights: 0.000 0.179 0.069 0.000 0.255 0.184 0.097 0.029 0.108 0.079
Gamma shape alpha: 1.047
Parameters optimization took 3 rounds (0.148 sec)
WARNING: The mixture model might be overfitting because some mixture weights are estimated close to zero
Wrote distance file to... 
BEST SCORE FOUND : -1653.760
Total tree length: 3.675

Total number of iterations: 0
CPU time used for tree search: 0.000 sec (0h:0m:0s)
Wall-clock time used for tree search: 0.000 sec (0h:0m:0s)
Total CPU time used: 3.980 sec (0h:0m:3s)
Total wall-clock time used: 0.603 sec (0h:0m:0s)

===> START BOOTSTRAP REPLICATE NUMBER 4

Creating bootstrap alignment (seed: 945245)...
NOTE: State(s) W not present in alignment and thus removed from Markov process to prevent numerical problems
NOTE: 1 states (see above) are not present and thus removed from Markov process to prevent numerical problems
Reading input tree file ref.tre ...
WARNING: 10 threads for alignment length 56 will slow down analysis
WARNING: Your input class weight 0.0001 is very small and may cause numerical issues

NOTE: 14 MB RAM (0 GB) is required!
WARNING: Number of threads seems too high for short alignments. Use -T AUTO to determine best number of threads.
Estimate model parameters (epsilon = 0.010)
1. Initial log-likelihood: -1408.568
2. Current log-likelihood: -1376.433
3. Current log-likelihood: -1375.149
4. Current log-likelihood: -1374.727
5. Current log-likelihood: -1374.645
Optimal log-likelihood: -1374.636
Mixture weights: 0.000 0.054 0.155 0.000 0.184 0.205 0.000 0.069 0.110 0.222
Gamma shape alpha: 0.652
Parameters optimization took 5 rounds (0.243 sec)
Wrote distance file to... 
BEST SCORE FOUND : -1374.636
Total tree length: 3.076

Total number of iterations: 0
CPU time used for tree search: 0.000 sec (0h:0m:0s)
Wall-clock time used for tree search: 0.000 sec (0h:0m:0s)
Total CPU time used: 5.718 sec (0h:0m:5s)
Total wall-clock time used: 0.853 sec (0h:0m:0s)

===> START BOOTSTRAP REPLICATE NUMBER 5

Creating bootstrap alignment (seed: 945246)...
NOTE: State(s) W not present in alignment and thus removed from Markov process to prevent numerical problems
NOTE: 1 states (see above) are not present and thus removed from Markov process to prevent numerical problems
Reading input tree file ref.tre ...
WARNING: 10 threads for alignment length 61 will slow down analysis
WARNING: Your input class weight 0.0001 is very small and may cause numerical issues

NOTE: 15 MB RAM (0 GB) is required!
WARNING: Number of threads seems too high for short alignments. Use -T AUTO to determine best number of threads.
Estimate model parameters (epsilon = 0.010)
1. Initial log-likelihood: -1733.604
2. Current log-likelihood: -1704.032
3. Current log-likelihood: -1703.490
4. Current log-likelihood: -1703.472
Optimal log-likelihood: -1703.472
Mixture weights: 0.000 0.252 0.079 0.020 0.223 0.100 0.094 0.046 0.120 0.067
Gamma shape alpha: 1.338
Parameters optimization took 4 rounds (0.250 sec)
WARNING: The mixture model might be overfitting because some mixture weights are estimated close to zero
Wrote distance file to... 
BEST SCORE FOUND : -1703.472
Total tree length: 3.845

Total number of iterations: 0
CPU time used for tree search: 0.000 sec (0h:0m:0s)
Wall-clock time used for tree search: 0.000 sec (0h:0m:0s)
Total CPU time used: 7.542 sec (0h:0m:7s)
Total wall-clock time used: 1.111 sec (0h:0m:1s)

===> COMPUTE CONSENSUS TREE FROM 5 BOOTSTRAP TREES

Reading tree(s) file bs_inBV_bestfit/split/0/iqtree/iqtree.boottrees ...
5 tree(s) loaded (0 rooted and 5 unrooted)
0 split(s) discarded because frequency <= -1.000
57 splits found
Consensus tree written to bs_inBV_bestfit/split/0/iqtree/iqtree.contree

===> START ANALYSIS ON THE ORIGINAL ALIGNMENT

NOTE: State(s) W not present in alignment and thus removed from Markov process to prevent numerical problems
NOTE: 1 states (see above) are not present and thus removed from Markov process to prevent numerical problems
Reading input tree file ref.tre ...
WARNING: Your input class weight 0.0001 is very small and may cause numerical issues

NOTE: 20 MB RAM (0 GB) is required!
WARNING: Number of threads seems too high for short alignments. Use -T AUTO to determine best number of threads.
Estimate model parameters (epsilon = 0.010)
1. Initial log-likelihood: -1630.980
2. Current log-likelihood: -1627.685
3. Current log-likelihood: -1627.601
Optimal log-likelihood: -1627.597
Mixture weights: 0.000 0.142 0.113 0.072 0.185 0.173 0.051 0.062 0.099 0.104
Gamma shape alpha: 0.976
Parameters optimization took 3 rounds (0.207 sec)
Wrote distance file to... 
BEST SCORE FOUND : -1627.597
Total tree length: 3.635

Total number of iterations: 0
CPU time used for tree search: 0.000 sec (0h:0m:0s)
Wall-clock time used for tree search: 0.000 sec (0h:0m:0s)
Total CPU time used: 9.652 sec (0h:0m:9s)
Total wall-clock time used: 1.329 sec (0h:0m:1s)
Reading input trees file bs_inBV_bestfit/split/0/iqtree/iqtree.contree
Log-likelihood of consensus tree: -1627.597

===> ASSIGN BOOTSTRAP SUPPORTS TO THE TREE FROM ORIGINAL ALIGNMENT

Reading tree bs_inBV_bestfit/split/0/iqtree/iqtree.treefile ...
unrooted tree detected
Reading tree(s) file bs_inBV_bestfit/split/0/iqtree/iqtree.boottrees ...
5 tree(s) loaded (0 rooted and 5 unrooted)
Rescaling split weights by 20.000
57 splits found
Creating bootstrap support values...
Tree with assigned support written to bs_inBV_bestfit/split/0/iqtree/iqtree.treefile

Analysis results written to: 
  IQ-TREE report:                bs_inBV_bestfit/split/0/iqtree/iqtree.iqtree
  Maximum-likelihood tree:       bs_inBV_bestfit/split/0/iqtree/iqtree.treefile
  Screen log file:               bs_inBV_bestfit/split/0/iqtree/iqtree.log

Total CPU time for bootstrap: 10.293 seconds.
Total wall-clock time for bootstrap: 1.394 seconds.

Non-parametric bootstrap results written to:
  Bootstrap trees:          bs_inBV_bestfit/split/0/iqtree/iqtree.boottrees
  Consensus tree:           bs_inBV_bestfit/split/0/iqtree/iqtree.contree

Date and Time: Fri Mar  6 12:21:27 2026
