AAML (in paml version 4.10.6, November 2022)  tmp0001.txt
Model: Empirical,  (/home/sishuo/software/phylo/paml/latest/src/dat/lg.dat) dGamma (ncatG=4) ns =  30  ls = 100


Frequencies..
                                    A      R      N      D      C      Q      E      G      H      I      L      K      M      F      P      S      T      W      Y      V
t3                             0.05000 0.04000 0.05000 0.05000 0.01000 0.03000 0.05000 0.07000 0.05000 0.07000 0.14000 0.07000 0.02000 0.05000 0.05000 0.05000 0.02000 0.00000 0.03000 0.10000
t24                            0.04000 0.03000 0.04000 0.05000 0.01000 0.02000 0.05000 0.09000 0.05000 0.05000 0.15000 0.08000 0.02000 0.05000 0.05000 0.05000 0.02000 0.00000 0.03000 0.12000
t22                            0.04000 0.04000 0.05000 0.05000 0.01000 0.02000 0.04000 0.07000 0.05000 0.06000 0.13000 0.06000 0.03000 0.03000 0.06000 0.05000 0.04000 0.00000 0.05000 0.12000
t1                             0.03000 0.05000 0.05000 0.06000 0.01000 0.02000 0.04000 0.07000 0.05000 0.07000 0.14000 0.05000 0.04000 0.04000 0.05000 0.07000 0.04000 0.00000 0.04000 0.08000
t7                             0.03000 0.05000 0.05000 0.06000 0.01000 0.02000 0.04000 0.07000 0.05000 0.07000 0.14000 0.05000 0.04000 0.04000 0.05000 0.07000 0.04000 0.00000 0.04000 0.08000
t17                            0.03000 0.05000 0.05000 0.06000 0.01000 0.02000 0.04000 0.07000 0.05000 0.07000 0.14000 0.05000 0.04000 0.04000 0.05000 0.07000 0.04000 0.00000 0.04000 0.08000
t18                            0.03000 0.04000 0.05000 0.05000 0.02000 0.03000 0.04000 0.08000 0.04000 0.07000 0.13000 0.06000 0.03000 0.04000 0.05000 0.05000 0.04000 0.00000 0.04000 0.11000
t21                            0.04000 0.04000 0.05000 0.05000 0.01000 0.04000 0.06000 0.07000 0.06000 0.10000 0.12000 0.03000 0.02000 0.07000 0.06000 0.03000 0.03000 0.00000 0.03000 0.09000
t19                            0.06000 0.05000 0.04000 0.04000 0.01000 0.03000 0.08000 0.06000 0.05000 0.09000 0.14000 0.04000 0.01000 0.08000 0.06000 0.04000 0.03000 0.00000 0.02000 0.07000
t16                            0.03000 0.05000 0.06000 0.03000 0.01000 0.02000 0.09000 0.08000 0.06000 0.08000 0.17000 0.03000 0.01000 0.05000 0.06000 0.04000 0.03000 0.00000 0.03000 0.07000
t15                            0.05000 0.04000 0.06000 0.05000 0.01000 0.04000 0.06000 0.06000 0.06000 0.08000 0.18000 0.03000 0.01000 0.04000 0.05000 0.03000 0.03000 0.00000 0.04000 0.08000
t5                             0.02000 0.02000 0.05000 0.05000 0.01000 0.04000 0.07000 0.06000 0.06000 0.05000 0.17000 0.06000 0.02000 0.05000 0.06000 0.05000 0.04000 0.00000 0.03000 0.09000
t8                             0.02000 0.03000 0.05000 0.05000 0.01000 0.05000 0.07000 0.05000 0.06000 0.06000 0.14000 0.04000 0.03000 0.05000 0.06000 0.06000 0.03000 0.00000 0.03000 0.11000
t23                            0.02000 0.03000 0.06000 0.06000 0.01000 0.03000 0.07000 0.06000 0.06000 0.06000 0.13000 0.04000 0.04000 0.05000 0.06000 0.04000 0.04000 0.00000 0.03000 0.11000
t14                            0.02000 0.03000 0.05000 0.04000 0.00000 0.04000 0.07000 0.07000 0.05000 0.08000 0.16000 0.06000 0.02000 0.05000 0.06000 0.05000 0.04000 0.00000 0.03000 0.08000
t9                             0.02000 0.03000 0.05000 0.03000 0.00000 0.03000 0.08000 0.08000 0.05000 0.07000 0.14000 0.06000 0.02000 0.05000 0.05000 0.05000 0.04000 0.00000 0.05000 0.10000
t27                            0.03000 0.04000 0.07000 0.05000 0.01000 0.05000 0.06000 0.05000 0.05000 0.07000 0.13000 0.04000 0.03000 0.04000 0.06000 0.05000 0.02000 0.00000 0.04000 0.11000
t29                            0.05000 0.05000 0.05000 0.05000 0.00000 0.04000 0.04000 0.09000 0.03000 0.09000 0.13000 0.03000 0.04000 0.06000 0.06000 0.03000 0.04000 0.00000 0.04000 0.08000
t20                            0.02000 0.05000 0.05000 0.04000 0.01000 0.03000 0.08000 0.07000 0.05000 0.07000 0.13000 0.04000 0.05000 0.05000 0.05000 0.06000 0.03000 0.00000 0.04000 0.08000
t10                            0.02000 0.05000 0.04000 0.04000 0.01000 0.05000 0.06000 0.07000 0.06000 0.05000 0.13000 0.04000 0.05000 0.04000 0.05000 0.07000 0.02000 0.00000 0.04000 0.11000
t28                            0.03000 0.05000 0.04000 0.04000 0.01000 0.05000 0.06000 0.06000 0.06000 0.05000 0.13000 0.04000 0.05000 0.04000 0.05000 0.07000 0.02000 0.00000 0.04000 0.11000
t30                            0.01000 0.04000 0.05000 0.04000 0.00000 0.05000 0.06000 0.07000 0.06000 0.05000 0.13000 0.04000 0.05000 0.04000 0.05000 0.08000 0.03000 0.00000 0.04000 0.11000
t12                            0.02000 0.04000 0.04000 0.04000 0.01000 0.04000 0.05000 0.06000 0.06000 0.07000 0.13000 0.06000 0.03000 0.04000 0.07000 0.07000 0.02000 0.00000 0.04000 0.11000
t13                            0.04000 0.05000 0.05000 0.04000 0.01000 0.04000 0.06000 0.07000 0.05000 0.08000 0.13000 0.05000 0.04000 0.05000 0.05000 0.04000 0.03000 0.00000 0.03000 0.09000
t6                             0.03000 0.07000 0.05000 0.04000 0.00000 0.04000 0.07000 0.07000 0.04000 0.09000 0.15000 0.03000 0.02000 0.04000 0.06000 0.05000 0.03000 0.00000 0.04000 0.08000
t25                            0.02000 0.03000 0.05000 0.06000 0.01000 0.06000 0.03000 0.07000 0.06000 0.08000 0.16000 0.05000 0.03000 0.05000 0.06000 0.05000 0.03000 0.00000 0.03000 0.07000
t11                            0.01000 0.03000 0.05000 0.06000 0.01000 0.06000 0.03000 0.07000 0.06000 0.08000 0.16000 0.05000 0.03000 0.05000 0.06000 0.06000 0.03000 0.00000 0.03000 0.07000
t2                             0.03000 0.02000 0.06000 0.04000 0.01000 0.04000 0.06000 0.07000 0.05000 0.10000 0.14000 0.05000 0.04000 0.04000 0.06000 0.06000 0.03000 0.00000 0.04000 0.06000
t4                             0.03000 0.01000 0.07000 0.04000 0.01000 0.05000 0.06000 0.06000 0.07000 0.11000 0.12000 0.06000 0.03000 0.05000 0.05000 0.05000 0.03000 0.00000 0.04000 0.06000
t26                            0.02000 0.04000 0.06000 0.04000 0.01000 0.05000 0.07000 0.06000 0.06000 0.07000 0.17000 0.04000 0.02000 0.05000 0.06000 0.04000 0.03000 0.00000 0.03000 0.08000

Homogeneity statistic: X2 = 1.46774 G = 1.52830 

Average                        0.02967 0.03967 0.05133 0.04667 0.00867 0.03767 0.05800 0.06833 0.05367 0.07300 0.14200 0.04767 0.03033 0.04733 0.05567 0.05267 0.03133 0.00000 0.03600 0.09033

# constant sites:     26 (26.00%)
ln Lmax (unconstrained) = -443.105567

AA distances (raw proportions of different sites)

t3             
t24              0.0800
t22              0.1700  0.1700
t1               0.2100  0.2100  0.1700
t7               0.2100  0.2100  0.1700  0.0000
t17              0.2100  0.2100  0.1700  0.0000  0.0000
t18              0.1400  0.1500  0.0700  0.1600  0.1600  0.1600
t21              0.2900  0.3000  0.2600  0.3000  0.3000  0.3000  0.2400
t19              0.2500  0.2700  0.2700  0.3100  0.3100  0.3100  0.2600  0.1100
t16              0.2800  0.2700  0.2800  0.2900  0.2900  0.2900  0.2600  0.2200  0.2300
t15              0.2800  0.3100  0.2700  0.2700  0.2700  0.2700  0.2600  0.2100  0.1900  0.2700
t5               0.3000  0.3100  0.2900  0.3200  0.3200  0.3200  0.2700  0.2900  0.2900  0.2900  0.2600
t8               0.2600  0.2800  0.2500  0.3100  0.3100  0.3100  0.2300  0.2900  0.2900  0.3000  0.2800  0.1400
t23              0.2900  0.2900  0.2500  0.2800  0.2800  0.2800  0.2500  0.3200  0.3200  0.3000  0.2900  0.1400  0.1000
t14              0.2500  0.2400  0.3000  0.3300  0.3300  0.3300  0.2800  0.2700  0.2200  0.2800  0.2700  0.2900  0.2700  0.3200
t9               0.2800  0.2700  0.2500  0.2900  0.2900  0.2900  0.2100  0.2600  0.2800  0.2800  0.2800  0.2200  0.2500  0.2800  0.2700
t27              0.2900  0.2800  0.2800  0.3200  0.3200  0.3200  0.2600  0.2800  0.2800  0.3100  0.2700  0.2200  0.2200  0.2700  0.2400  0.2100
t29              0.3000  0.3000  0.2700  0.3000  0.3000  0.3000  0.2300  0.2500  0.2900  0.3100  0.2800  0.2900  0.2900  0.3000  0.3000  0.2000  0.2600
t20              0.2400  0.2500  0.2500  0.2900  0.2900  0.2900  0.2200  0.2900  0.2700  0.2800  0.2800  0.2500  0.2500  0.2700  0.2400  0.2100  0.2000  0.2300
t10              0.2200  0.2300  0.2300  0.2600  0.2600  0.2600  0.2200  0.2800  0.2700  0.2800  0.2700  0.2400  0.2200  0.2400  0.2500  0.2000  0.1700  0.2200  0.1100
t28              0.2300  0.2400  0.2400  0.2700  0.2700  0.2700  0.2300  0.2900  0.2800  0.2900  0.2800  0.2500  0.2200  0.2500  0.2600  0.2100  0.1800  0.2300  0.1200  0.0100
t30              0.2300  0.2400  0.2400  0.2700  0.2700  0.2700  0.2300  0.2900  0.2800  0.2800  0.2800  0.2400  0.2300  0.2400  0.2600  0.2000  0.1800  0.2200  0.1200  0.0300  0.0400
t12              0.2800  0.2900  0.2900  0.3400  0.3400  0.3400  0.2700  0.2600  0.2500  0.2800  0.2900  0.2400  0.2200  0.2600  0.2600  0.2400  0.2400  0.2600  0.1900  0.1700  0.1800  0.1700
t13              0.2700  0.2700  0.2300  0.2900  0.2900  0.2900  0.2400  0.2900  0.2800  0.2900  0.2400  0.2400  0.2200  0.2400  0.2500  0.2400  0.2600  0.2900  0.2600  0.2000  0.2100  0.2200  0.2600
t6               0.3200  0.3200  0.2600  0.3000  0.3000  0.3000  0.2500  0.2900  0.2800  0.2900  0.2500  0.2100  0.2400  0.2300  0.2500  0.2300  0.2400  0.2900  0.2700  0.2500  0.2600  0.2500  0.2700  0.1300
t25              0.2700  0.2500  0.2200  0.2100  0.2100  0.2100  0.2200  0.2400  0.2600  0.2700  0.2400  0.2400  0.2200  0.2400  0.2300  0.2500  0.2400  0.2300  0.2400  0.2100  0.2200  0.2200  0.2300  0.1700  0.1900
t11              0.2800  0.2600  0.2300  0.2200  0.2200  0.2200  0.2300  0.2500  0.2700  0.2700  0.2500  0.2300  0.2100  0.2300  0.2400  0.2600  0.2500  0.2400  0.2500  0.2200  0.2300  0.2200  0.2300  0.1800  0.2000  0.0100
t2               0.3200  0.2900  0.2500  0.2600  0.2600  0.2600  0.2700  0.2800  0.2800  0.2800  0.2800  0.2300  0.2600  0.2200  0.2700  0.2600  0.2500  0.2800  0.2500  0.2200  0.2300  0.2300  0.2700  0.2100  0.2000  0.1500  0.1600
t4               0.3500  0.3300  0.3000  0.3000  0.3000  0.3000  0.3000  0.3000  0.3100  0.3300  0.3000  0.2700  0.3000  0.2900  0.2900  0.2700  0.3000  0.3100  0.2900  0.2800  0.2900  0.2900  0.2800  0.2500  0.2700  0.2200  0.2300  0.1500
t26              0.2300  0.2500  0.2200  0.2300  0.2300  0.2300  0.2200  0.2300  0.2300  0.2500  0.2300  0.1600  0.1800  0.2000  0.1800  0.2200  0.1900  0.2500  0.2200  0.1700  0.1800  0.1800  0.2100  0.1300  0.1500  0.1100  0.1200  0.1700  0.2200

TREE #  1:  ((1, 2), ((3, ((4, 5), 6)), 7), (((((8, 9), 10), 11), (12, (13, 14))), (15, ((16, (17, (18, ((19, ((20, 21), 22)), 23)))), (((24, 25), ((26, 27), (28, 29))), 30)))));   MP score: 275
lnL(ntime: 57  np: 58):  -1666.408815      +0.000000
  31..32   32..1    32..2    31..33   33..34   34..3    34..35   35..36   36..4    36..5    35..6    33..7    31..37   37..38   38..39   39..40   40..41   41..8    41..9    40..10   39..11   38..42   42..12   42..43   43..13   43..14   37..44   44..15   44..45   45..46   46..16   46..47   47..17   47..48   48..18   48..49   49..50   50..19   50..51   51..52   52..20   52..21   51..22   49..23   45..53   53..54   54..55   55..24   55..25   54..56   56..57   57..26   57..27   56..58   58..28   58..29   53..30 
 0.089591 0.033779 0.060732 0.020803 0.000000 0.060489 0.152350 0.000000 0.000000 0.000000 0.000000 0.021877 0.115186 0.012166 0.051465 0.020019 0.072357 0.057807 0.061715 0.177745 0.158666 0.098465 0.071339 0.045582 0.049618 0.054793 0.010465 0.182706 0.000000 0.033054 0.138966 0.000000 0.129758 0.000000 0.167305 0.032304 0.021897 0.075047 0.027136 0.009914 0.000000 0.009559 0.019495 0.136071 0.041223 0.000000 0.045225 0.060891 0.076072 0.011431 0.073164 0.000000 0.009923 0.070089 0.035854 0.127048 0.060606 1.059339
