IQ-TREE version 3.0.1 for Linux x86 64-bit built May  5 2025
Developed by Bui Quang Minh, Thomas Wong, Nhan Ly-Trong, Huaiyan Ren
Contributed by Lam-Tung Nguyen, Dominik Schrempf, Chris Bielow,
Olga Chernomor, Michael Woodhams, Diep Thi Hoang, Heiko Schmidt

Host:    mic-r750 (AVX512, FMA3, 1007 GB RAM)
Command: /mnt/hd1/home/sishuo/bin/iqtree3_intel -s ../combined.phy -m LG+C10+G -nt 10 -pre LG+C10+G -redo -te ref.tre -keep-ident
Seed:    548797 (Using SPRNG - Scalable Parallel Random Number Generator)
Time:    Fri Mar  6 23:10:26 2026
Kernel:  AVX+FMA - 10 threads (128 CPU cores detected)

Reading alignment file ../combined.phy ... Phylip format detected
Alignment most likely contains protein sequences
Constructing alignment: done in 0.000115547 secs using 98.66% CPU
Alignment has 30 sequences with 100 columns, 90 distinct patterns
59 parsimony-informative, 15 singleton sites, 26 constant sites
     Gap/Ambiguity  Composition  p-value
Analyzing sequences: done in 9.00123e-06 secs using 99.99% CPU
   1  t3     0.00%    passed     99.98%
   2  t24    0.00%    passed     98.60%
   3  t22    0.00%    passed     99.90%
   4  t1     0.00%    passed     99.99%
   5  t7     0.00%    passed     99.99%
   6  t17    0.00%    passed     99.99%
   7  t18    0.00%    passed     99.97%
   8  t21    0.00%    passed     99.88%
   9  t19    0.00%    passed     91.41%
  10  t16    0.00%    passed     98.57%
  11  t15    0.00%    passed     99.53%
  12  t5     0.00%    passed     99.97%
  13  t8     0.00%    passed    100.00%
  14  t23    0.00%    passed     99.99%
  15  t14    0.00%    passed     99.99%
  16  t9     0.00%    passed     99.90%
  17  t27    0.00%    passed    100.00%
  18  t29    0.00%    passed     97.76%
  19  t20    0.00%    passed     99.99%
  20  t10    0.00%    passed     99.83%
  21  t28    0.00%    passed     99.87%
  22  t30    0.00%    passed     98.97%
  23  t12    0.00%    passed     99.99%
  24  t13    0.00%    passed    100.00%
  25  t6     0.00%    passed     99.73%
  26  t25    0.00%    passed     99.93%
  27  t11    0.00%    passed     99.72%
  28  t2     0.00%    passed     99.98%
  29  t4     0.00%    passed     98.26%
  30  t26    0.00%    passed    100.00%
****  TOTAL    0.00%  0 sequences failed composition chi2 test (p-value<5%; df=18)
NOTE: State(s) W not present in alignment and thus removed from Markov process to prevent numerical problems
NOTE: 1 states (see above) are not present and thus removed from Markov process to prevent numerical problems
Reading input tree file ref.tre ...
Model LG+C10+G is alias for LG+POISSON+G+FMIX{C10pi1:1:0.1191344178,C10pi2:1:0.0874372456,C10pi3:1:0.1037105070,C10pi4:1:0.0922584809,C10pi5:1:0.1070492801,C10pi6:1:0.1329945166,C10pi7:1:0.0538028458,C10pi8:1:0.0691986212,C10pi9:1:0.1319937434,C10pi10:1:0.1024203429}+G

NOTE: 20 MB RAM (0 GB) is required!
WARNING: Number of threads seems too high for short alignments. Use -T AUTO to determine best number of threads.
Estimate model parameters (epsilon = 0.010)
1. Initial log-likelihood: -1637.742
2. Current log-likelihood: -1634.572
3. Current log-likelihood: -1634.496
Optimal log-likelihood: -1634.495
Mixture weights: 0.119 0.087 0.104 0.092 0.107 0.133 0.054 0.069 0.132 0.102
Gamma shape alpha: 0.974
Parameters optimization took 3 rounds (0.178 sec)
Wrote distance file to... 
BEST SCORE FOUND : -1634.495
Total tree length: 3.607

Total number of iterations: 0
CPU time used for tree search: 0.000 sec (0h:0m:0s)
Wall-clock time used for tree search: 0.000 sec (0h:0m:0s)
Total CPU time used: 1.801 sec (0h:0m:1s)
Total wall-clock time used: 0.188 sec (0h:0m:0s)

Analysis results written to: 
  IQ-TREE report:                LG+C10+G.iqtree
  Maximum-likelihood tree:       LG+C10+G.treefile
  Screen log file:               LG+C10+G.log

Date and Time: Fri Mar  6 23:10:26 2026
