IQ-TREE version 3.0.1 for Linux x86 64-bit built May  5 2025
Developed by Bui Quang Minh, Thomas Wong, Nhan Ly-Trong, Huaiyan Ren
Contributed by Lam-Tung Nguyen, Dominik Schrempf, Chris Bielow,
Olga Chernomor, Michael Woodhams, Diep Thi Hoang, Heiko Schmidt

Host:    mic-r750 (AVX512, FMA3, 1007 GB RAM)
Command: /mnt/hd1/home/sishuo/bin/iqtree3_intel -s ../combined.phy -m LG+G -nt 10 -pre LG+G -redo -te ref.tre -keep-ident
Seed:    317160 (Using SPRNG - Scalable Parallel Random Number Generator)
Time:    Fri Mar  6 23:10:15 2026
Kernel:  AVX+FMA - 10 threads (128 CPU cores detected)

Reading alignment file ../combined.phy ... Phylip format detected
Alignment most likely contains protein sequences
Constructing alignment: done in 0.000118718 secs using 99.4% CPU
Alignment has 30 sequences with 100 columns, 90 distinct patterns
59 parsimony-informative, 15 singleton sites, 26 constant sites
     Gap/Ambiguity  Composition  p-value
Analyzing sequences: done in 8.98261e-06 secs using 89.06% CPU
   1  t3     0.00%    passed     99.98%
   2  t24    0.00%    passed     98.60%
   3  t22    0.00%    passed     99.90%
   4  t1     0.00%    passed     99.99%
   5  t7     0.00%    passed     99.99%
   6  t17    0.00%    passed     99.99%
   7  t18    0.00%    passed     99.97%
   8  t21    0.00%    passed     99.88%
   9  t19    0.00%    passed     91.41%
  10  t16    0.00%    passed     98.57%
  11  t15    0.00%    passed     99.53%
  12  t5     0.00%    passed     99.97%
  13  t8     0.00%    passed    100.00%
  14  t23    0.00%    passed     99.99%
  15  t14    0.00%    passed     99.99%
  16  t9     0.00%    passed     99.90%
  17  t27    0.00%    passed    100.00%
  18  t29    0.00%    passed     97.76%
  19  t20    0.00%    passed     99.99%
  20  t10    0.00%    passed     99.83%
  21  t28    0.00%    passed     99.87%
  22  t30    0.00%    passed     98.97%
  23  t12    0.00%    passed     99.99%
  24  t13    0.00%    passed    100.00%
  25  t6     0.00%    passed     99.73%
  26  t25    0.00%    passed     99.93%
  27  t11    0.00%    passed     99.72%
  28  t2     0.00%    passed     99.98%
  29  t4     0.00%    passed     98.26%
  30  t26    0.00%    passed    100.00%
****  TOTAL    0.00%  0 sequences failed composition chi2 test (p-value<5%; df=18)
NOTE: State(s) W not present in alignment and thus removed from Markov process to prevent numerical problems
NOTE: 1 states (see above) are not present and thus removed from Markov process to prevent numerical problems
Reading input tree file ref.tre ...

NOTE: 2 MB RAM (0 GB) is required!
WARNING: Number of threads seems too high for short alignments. Use -T AUTO to determine best number of threads.
Estimate model parameters (epsilon = 0.010)
1. Initial log-likelihood: -1668.166
2. Current log-likelihood: -1666.419
Optimal log-likelihood: -1666.412
Gamma shape alpha: 1.057
Parameters optimization took 2 rounds (0.020 sec)
Wrote distance file to... 
BEST SCORE FOUND : -1666.412
Total tree length: 3.085

Total number of iterations: 0
CPU time used for tree search: 0.000 sec (0h:0m:0s)
Wall-clock time used for tree search: 0.000 sec (0h:0m:0s)
Total CPU time used: 0.249 sec (0h:0m:0s)
Total wall-clock time used: 0.028 sec (0h:0m:0s)

Analysis results written to: 
  IQ-TREE report:                LG+G.iqtree
  Maximum-likelihood tree:       LG+G.treefile
  Screen log file:               LG+G.log

Date and Time: Fri Mar  6 23:10:15 2026
